# JRE version: OpenJDK Runtime Environment (8.0_131-b11) (build 1.8.0_131-8u131-b11-0ubuntu1.16.04.2-b11)
# Java VM: OpenJDK 64-Bit Server VM (25.131-b11 mixed mode linux-amd64 compressed oops)
Heap:
 PSYoungGen      total 34816K, used 6857K [0x00000000d7100000, 0x00000000da680000, 0x0000000100000000)
  eden space 28160K, 1% used [0x00000000d7100000,0x00000000d715ed40,0x00000000d8c80000)
  from space 6656K, 97% used [0x00000000d8d00000,0x00000000d93539b0,0x00000000d9380000)
  to   space 13312K, 0% used [0x00000000d9980000,0x00000000d9980000,0x00000000da680000)
 ParOldGen       total 84992K, used 17243K [0x0000000085200000, 0x000000008a500000, 0x00000000d7100000)
  object space 84992K, 20% used [0x0000000085200000,0x00000000862d6c18,0x000000008a500000)
 Metaspace       used 16345K, capacity 16636K, committed 16896K, reserved 1064960K
  class space    used 1917K, capacity 1998K, committed 2048K, reserved 1048576K
GC Heap History (10 events):
Event: 5923,813 GC heap before
{Heap before GC invocations=5 (full 0):
 PSYoungGen      total 36864K, used 36477K [0x00000000d7100000, 0x00000000d9a00000, 0x0000000100000000)
  eden space 31744K, 98% used [0x00000000d7100000,0x00000000d8fa3ab0,0x00000000d9000000)
  from space 5120K, 99% used [0x00000000d9500000,0x00000000d99fb9b0,0x00000000d9a00000)
  to   space 5120K, 0% used [0x00000000d9000000,0x00000000d9000000,0x00000000d9500000)
 ParOldGen       total 84992K, used 11272K [0x0000000085200000, 0x000000008a500000, 0x00000000d7100000)
  object space 84992K, 13% used [0x0000000085200000,0x0000000085d020a0,0x000000008a500000)
 Metaspace       used 16257K, capacity 16508K, committed 16896K, reserved 1064960K
  class space    used 1917K, capacity 1998K, committed 2048K, reserved 1048576K
Event: 5923,822 GC heap after
Heap after GC invocations=5 (full 0):
 PSYoungGen      total 36352K, used 5102K [0x00000000d7100000, 0x00000000da780000, 0x0000000100000000)
  eden space 31232K, 0% used [0x00000000d7100000,0x00000000d7100000,0x00000000d8f80000)
  from space 5120K, 99% used [0x00000000d9000000,0x00000000d94fb9b0,0x00000000d9500000)
  to   space 12288K, 0% used [0x00000000d9b80000,0x00000000d9b80000,0x00000000da780000)
 ParOldGen       total 84992K, used 14068K [0x0000000085200000, 0x000000008a500000, 0x00000000d7100000)
  object space 84992K, 16% used [0x0000000085200000,0x0000000085fbd0b0,0x000000008a500000)
 Metaspace       used 16257K, capacity 16508K, committed 16896K, reserved 1064960K
  class space    used 1917K, capacity 1998K, committed 2048K, reserved 1048576K
}
Event: 5941,065 GC heap before
{Heap before GC invocations=6 (full 0):
 PSYoungGen      total 36352K, used 34501K [0x00000000d7100000, 0x00000000da780000, 0x0000000100000000)
  eden space 31232K, 94% used [0x00000000d7100000,0x00000000d8db5da8,0x00000000d8f80000)
  from space 5120K, 99% used [0x00000000d9000000,0x00000000d94fb9b0,0x00000000d9500000)
  to   space 12288K, 0% used [0x00000000d9b80000,0x00000000d9b80000,0x00000000da780000)
 ParOldGen       total 84992K, used 14068K [0x0000000085200000, 0x000000008a500000, 0x00000000d7100000)
  object space 84992K, 16% used [0x0000000085200000,0x0000000085fbd0b0,0x000000008a500000)
 Metaspace       used 16299K, capacity 16572K, committed 16896K, reserved 1064960K
  class space    used 1917K, capacity 1998K, committed 2048K, reserved 1048576K
Event: 5941,084 GC heap after
Heap after GC invocations=6 (full 0):
 PSYoungGen      total 41984K, used 11566K [0x00000000d7100000, 0x00000000daa00000, 0x0000000100000000)
  eden space 29696K, 0% used [0x00000000d7100000,0x00000000d7100000,0x00000000d8e00000)
  from space 12288K, 94% used [0x00000000d9b80000,0x00000000da6cb9b0,0x00000000da780000)
  to   space 13824K, 0% used [0x00000000d8e00000,0x00000000d8e00000,0x00000000d9b80000)
 ParOldGen       total 84992K, used 14076K [0x0000000085200000, 0x000000008a500000, 0x00000000d7100000)
  object space 84992K, 16% used [0x0000000085200000,0x0000000085fbf0b0,0x000000008a500000)
 Metaspace       used 16299K, capacity 16572K, committed 16896K, reserved 1064960K
  class space    used 1917K, capacity 1998K, committed 2048K, reserved 1048576K
}
Event: 5961,722 GC heap before
{Heap before GC invocations=7 (full 0):
 PSYoungGen      total 41984K, used 41239K [0x00000000d7100000, 0x00000000daa00000, 0x0000000100000000)
  eden space 29696K, 99% used [0x00000000d7100000,0x00000000d8dfa408,0x00000000d8e00000)
  from space 12288K, 94% used [0x00000000d9b80000,0x00000000da6cb9b0,0x00000000da780000)
  to   space 13824K, 0% used [0x00000000d8e00000,0x00000000d8e00000,0x00000000d9b80000)
 ParOldGen       total 84992K, used 14076K [0x0000000085200000, 0x000000008a500000, 0x00000000d7100000)
  object space 84992K, 16% used [0x0000000085200000,0x0000000085fbf0b0,0x000000008a500000)
 Metaspace       used 16317K, capacity 16572K, committed 16896K, reserved 1064960K
  class space    used 1917K, capacity 1998K, committed 2048K, reserved 1048576K
Event: 5961,735 GC heap after
Heap after GC invocations=7 (full 0):
 PSYoungGen      total 34816K, used 5454K [0x00000000d7100000, 0x00000000da880000, 0x0000000100000000)
  eden space 29184K, 0% used [0x00000000d7100000,0x00000000d7100000,0x00000000d8d80000)
  from space 5632K, 96% used [0x00000000d8e00000,0x00000000d93539b0,0x00000000d9380000)
  to   space 13824K, 0% used [0x00000000d9b00000,0x00000000d9b00000,0x00000000da880000)
 ParOldGen       total 84992K, used 14803K [0x0000000085200000, 0x000000008a500000, 0x00000000d7100000)
  object space 84992K, 17% used [0x0000000085200000,0x0000000086074c18,0x000000008a500000)
 Metaspace       used 16317K, capacity 16572K, committed 16896K, reserved 1064960K
  class space    used 1917K, capacity 1998K, committed 2048K, reserved 1048576K
}
Event: 5966,457 GC heap before
{Heap before GC invocations=8 (full 0):
 PSYoungGen      total 34816K, used 34638K [0x00000000d7100000, 0x00000000da880000, 0x0000000100000000)
  eden space 29184K, 100% used [0x00000000d7100000,0x00000000d8d80000,0x00000000d8d80000)
  from space 5632K, 96% used [0x00000000d8e00000,0x00000000d93539b0,0x00000000d9380000)
  to   space 13824K, 0% used [0x00000000d9b00000,0x00000000d9b00000,0x00000000da880000)
 ParOldGen       total 84992K, used 14803K [0x0000000085200000, 0x000000008a500000, 0x00000000d7100000)
  object space 84992K, 17% used [0x0000000085200000,0x0000000086074c18,0x000000008a500000)
 Metaspace       used 16327K, capacity 16572K, committed 16896K, reserved 1064960K
  class space    used 1917K, capacity 1998K, committed 2048K, reserved 1048576K
Event: 5966,461 GC heap after
Heap after GC invocations=8 (full 0):
 PSYoungGen      total 41984K, used 5052K [0x00000000d7100000, 0x00000000da800000, 0x0000000100000000)
  eden space 28672K, 0% used [0x00000000d7100000,0x00000000d7100000,0x00000000d8d00000)
  from space 13312K, 37% used [0x00000000d9b00000,0x00000000d9fef360,0x00000000da800000)
  to   space 13824K, 0% used [0x00000000d8d00000,0x00000000d8d00000,0x00000000d9a80000)
 ParOldGen       total 84992K, used 16259K [0x0000000085200000, 0x000000008a500000, 0x00000000d7100000)
  object space 84992K, 19% used [0x0000000085200000,0x00000000861e0c18,0x000000008a500000)
 Metaspace       used 16327K, capacity 16572K, committed 16896K, reserved 1064960K
  class space    used 1917K, capacity 1998K, committed 2048K, reserved 1048576K
}
Event: 5976,509 GC heap before
{Heap before GC invocations=9 (full 0):
 PSYoungGen      total 41984K, used 33724K [0x00000000d7100000, 0x00000000da800000, 0x0000000100000000)
  eden space 28672K, 100% used [0x00000000d7100000,0x00000000d8d00000,0x00000000d8d00000)
  from space 13312K, 37% used [0x00000000d9b00000,0x00000000d9fef360,0x00000000da800000)
  to   space 13824K, 0% used [0x00000000d8d00000,0x00000000d8d00000,0x00000000d9a80000)
 ParOldGen       total 84992K, used 16259K [0x0000000085200000, 0x000000008a500000, 0x00000000d7100000)
  object space 84992K, 19% used [0x0000000085200000,0x00000000861e0c18,0x000000008a500000)
 Metaspace       used 16345K, capacity 16636K, committed 16896K, reserved 1064960K
  class space    used 1917K, capacity 1998K, committed 2048K, reserved 1048576K
Event: 5976,520 GC heap after
Heap after GC invocations=9 (full 0):
 PSYoungGen      total 34816K, used 6478K [0x00000000d7100000, 0x00000000da680000, 0x0000000100000000)
  eden space 28160K, 0% used [0x00000000d7100000,0x00000000d7100000,0x00000000d8c80000)
  from space 6656K, 97% used [0x00000000d8d00000,0x00000000d93539b0,0x00000000d9380000)
  to   space 13312K, 0% used [0x00000000d9980000,0x00000000d9980000,0x00000000da680000)
 ParOldGen       total 84992K, used 17243K [0x0000000085200000, 0x000000008a500000, 0x00000000d7100000)
  object space 84992K, 20% used [0x0000000085200000,0x00000000862d6c18,0x000000008a500000)
 Metaspace       used 16345K, capacity 16636K, committed 16896K, reserved 1064960K
  class space    used 1917K, capacity 1998K, committed 2048K, reserved 1048576K
}

